<?xml version="1.0" encoding="UTF-8"?>
<!-- Generated by org.testng.reporters.JUnitReportReporter -->
<testsuite hostname="Macs-MacBook-Pro.local" failures="0" tests="3" name="runners.TestRunner" time="127.829" errors="0" timestamp="2025-02-19T09:38:10 IST" skipped="0">
  <testcase classname="runners.TestRunner" name="runScenario" time="42.486"/>
  <testcase classname="runners.TestRunner" name="runScenario" time="42.485"/>
  <testcase classname="runners.TestRunner" name="runScenario" time="42.858"/>
</testsuite> <!-- runners.TestRunner -->
