<?xml version="1.0" encoding="UTF-8"?>
<!-- Generated by org.testng.reporters.JUnitXMLReporter -->
<testsuite ignored="2" hostname="Macs-MacBook-Pro.local" failures="0" tests="1" name="Default test" time="0.059" errors="0" timestamp="2024-06-20T09:04:53 IST">
  <testcase classname="FirstTestClass" name="login" time="0.007"/>
  <testcase classname="FirstTestClass" name="openapp" time="0.0">
    <ignored/>
  </testcase> <!-- openapp -->
  <testcase classname="FirstTestClass" name="logout" time="0.0">
    <ignored/>
  </testcase> <!-- logout -->
</testsuite> <!-- Default test -->
